2025-09-16 17:54:49,929 - sistema_scanner - INFO - Sistema de logging configurado correctamente
2025-09-16 17:54:49,930 - sistema_scanner - INFO - Sistema Scanner iniciado
2025-09-16 17:54:49,930 - sistema_scanner - INFO - Argumentos: {'no_sensitive': False, 'scan_only': False, 'batch': False, 'output': None, 'log_level': 'INFO', 'no_log_file': False, 'test_mongodb': False, 'mongo_uri': None, 'cleanup_logs': None, 'cleanup_scans': None, 'list_scans': False}
2025-09-16 17:54:58,082 - sistema_scanner.security - WARNING - Acceso a datos sensibles: system_scan - INCLUIDOS
2025-09-16 17:54:58,562 - sistema_scanner.system_scan - INFO - === INICIO SYSTEM_SCAN ===
2025-09-16 17:54:58,564 - sistema_scanner.system_scan - INFO - Operation ID: system_scan_1758063298
2025-09-16 17:54:58,564 - sistema_scanner.system_scan - INFO - Timestamp: 2025-09-16T17:54:58.562164
2025-09-16 17:54:58,565 - sistema_scanner.system_scan - INFO - [STEP] Inicializando escáneres
2025-09-16 17:54:58,572 - sistema_scanner.system_scan - INFO - [ 10%] Iniciando escaneo de hardware
2025-09-16 17:54:59,870 - modules.scanner - ERROR - Error escaneando CPU: <unknown>.Model
2025-09-16 17:55:01,387 - sistema_scanner.system_scan - INFO - [ 50%] Iniciando escaneo de seguridad
2025-09-16 17:55:02,037 - modules.security_scanner - ERROR - Error escaneando hotfixes: [WinError 2] El sistema no puede encontrar el archivo especificado
2025-09-16 17:55:02,042 - modules.security_scanner - ERROR - Error escaneando software: [WinError 2] El sistema no puede encontrar el archivo especificado
2025-09-16 17:55:02,042 - sistema_scanner.system_scan - INFO - [ 80%] Compilando datos del escaneo
2025-09-16 17:55:02,042 - modules.utils - INFO - Generados identificadores - ID: 5daf58c2-3c71-4b64-8695-0fa654cb1714, PIN: A7EM
2025-09-16 17:55:02,045 - modules.utils - INFO - Escaneo guardado localmente: C:\Users\juanf\OneDrive\Documentos\proyecto\scans\scan_20250916_175502_5daf58c2.json (10160 bytes)
2025-09-16 17:55:02,045 - sistema_scanner.system_scan - INFO - [STEP] Guardado local - C:\Users\juanf\OneDrive\Documentos\proyecto\scans\scan_20250916_175502_5daf58c2.json
2025-09-16 17:55:02,047 - modules.database - INFO - Conectando a MongoDB...
2025-09-16 17:55:03,983 - modules.database - INFO - Conexión exitosa a MongoDB - DB: proyectofinal, Collection: scans
2025-09-16 17:55:04,079 - modules.database - INFO - Escaneo insertado en MongoDB - ID: 68c9eac766ac8681df46a7dc
2025-09-16 17:55:04,079 - sistema_scanner.system_scan - INFO - [STEP] Subida MongoDB - ID: 68c9eac766ac8681df46a7dc
2025-09-16 17:55:04,079 - sistema_scanner.security - INFO - Operación BD INSERT: EXITOSA - 68c9eac766ac8681df46a7dc
2025-09-16 17:55:04,169 - modules.database - INFO - Conexión MongoDB cerrada
2025-09-16 17:55:04,171 - sistema_scanner.system_scan - INFO - === FIN SYSTEM_SCAN - EXITOSA ===
2025-09-16 17:55:04,171 - sistema_scanner.system_scan - INFO - Duración: 5.61 segundos
2025-09-16 17:55:04,171 - sistema_scanner.system_scan - INFO - Resultado: Escaneo completado - ID: 5daf58c2-3c71-4b64-8695-0fa654cb1714
2025-09-16 17:55:04,171 - sistema_scanner.system_scan - INFO - ==================================================
2025-09-16 17:56:36,764 - sistema_scanner - INFO - Sistema Scanner finalizado
2025-09-16 17:56:43,422 - sistema_scanner - INFO - Sistema de logging configurado correctamente
2025-09-16 17:56:43,422 - sistema_scanner - INFO - Sistema Scanner iniciado
2025-09-16 17:56:43,422 - sistema_scanner - INFO - Argumentos: {'no_sensitive': False, 'scan_only': False, 'batch': False, 'output': None, 'log_level': 'INFO', 'no_log_file': False, 'test_mongodb': False, 'mongo_uri': None, 'cleanup_logs': None, 'cleanup_scans': None, 'list_scans': False}
2025-09-16 17:57:26,574 - sistema_scanner - INFO - Sistema Scanner finalizado
2025-09-16 18:00:02,585 - sistema_scanner - INFO - Sistema de logging configurado correctamente
2025-09-16 18:00:02,586 - sistema_scanner - INFO - Sistema Scanner iniciado
2025-09-16 18:00:02,586 - sistema_scanner - INFO - Argumentos: {'no_sensitive': False, 'scan_only': False, 'batch': False, 'output': None, 'log_level': 'INFO', 'no_log_file': False, 'test_mongodb': False, 'mongo_uri': None, 'cleanup_logs': None, 'cleanup_scans': None, 'list_scans': False}
2025-09-16 18:00:02,609 - sistema_scanner.interface - ERROR - Error en interfaz principal: EOF when reading a line
2025-09-16 18:00:02,613 - sistema_scanner - INFO - Sistema Scanner finalizado
2025-09-16 18:00:12,997 - sistema_scanner - INFO - Sistema de logging configurado correctamente
2025-09-16 18:00:12,998 - sistema_scanner - INFO - Sistema Scanner iniciado
2025-09-16 18:00:12,998 - sistema_scanner - INFO - Argumentos: {'no_sensitive': False, 'scan_only': False, 'batch': False, 'output': None, 'log_level': 'INFO', 'no_log_file': False, 'test_mongodb': False, 'mongo_uri': None, 'cleanup_logs': None, 'cleanup_scans': None, 'list_scans': False}
2025-09-16 18:00:15,332 - sistema_scanner - INFO - Sistema Scanner finalizado
2025-09-16 18:00:19,323 - sistema_scanner - INFO - Sistema de logging configurado correctamente
2025-09-16 18:00:19,323 - sistema_scanner - INFO - Sistema Scanner iniciado
2025-09-16 18:00:19,324 - sistema_scanner - INFO - Argumentos: {'no_sensitive': False, 'scan_only': False, 'batch': False, 'output': None, 'log_level': 'INFO', 'no_log_file': False, 'test_mongodb': False, 'mongo_uri': None, 'cleanup_logs': None, 'cleanup_scans': None, 'list_scans': False}
2025-09-16 18:00:39,121 - sistema_scanner.security - WARNING - Acceso a datos sensibles: system_scan - INCLUIDOS
2025-09-16 18:00:40,337 - sistema_scanner.system_scan - INFO - === INICIO SYSTEM_SCAN ===
2025-09-16 18:00:40,337 - sistema_scanner.system_scan - INFO - Operation ID: system_scan_1758063640
2025-09-16 18:00:40,337 - sistema_scanner.system_scan - INFO - Timestamp: 2025-09-16T18:00:40.336707
2025-09-16 18:00:40,339 - sistema_scanner.system_scan - INFO - [STEP] Inicializando escáneres
2025-09-16 18:00:40,350 - sistema_scanner.system_scan - INFO - [ 10%] Iniciando escaneo de hardware
2025-09-16 18:00:41,727 - modules.scanner - ERROR - Error escaneando CPU: <unknown>.Model
2025-09-16 18:00:43,505 - sistema_scanner.system_scan - INFO - [ 50%] Iniciando escaneo de seguridad
2025-09-16 18:00:44,299 - modules.security_scanner - ERROR - Error escaneando hotfixes: [WinError 2] El sistema no puede encontrar el archivo especificado
2025-09-16 18:00:44,303 - modules.security_scanner - ERROR - Error escaneando software: [WinError 2] El sistema no puede encontrar el archivo especificado
2025-09-16 18:00:44,303 - sistema_scanner.system_scan - INFO - [ 80%] Compilando datos del escaneo
2025-09-16 18:00:44,303 - modules.utils - INFO - Generados identificadores - ID: 4de91379-82c8-450d-a711-346ea6d45c51, PIN: L2B2
2025-09-16 18:00:44,306 - modules.utils - INFO - Escaneo guardado localmente: C:\Users\juanf\OneDrive\Documentos\proyecto\scans\scan_20250916_180044_4de91379.json (10161 bytes)
2025-09-16 18:00:44,307 - sistema_scanner.system_scan - INFO - [STEP] Guardado local - C:\Users\juanf\OneDrive\Documentos\proyecto\scans\scan_20250916_180044_4de91379.json
2025-09-16 18:00:44,308 - modules.database - INFO - Conectando a MongoDB...
2025-09-16 18:00:46,297 - modules.database - INFO - Conexión exitosa a MongoDB - DB: proyectofinal, Collection: scans
2025-09-16 18:00:46,418 - modules.database - INFO - Escaneo insertado en MongoDB - ID: 68c9ec1e46ba425386b1c59e
2025-09-16 18:00:46,419 - sistema_scanner.system_scan - INFO - [STEP] Subida MongoDB - ID: 68c9ec1e46ba425386b1c59e
2025-09-16 18:00:46,419 - sistema_scanner.security - INFO - Operación BD INSERT: EXITOSA - 68c9ec1e46ba425386b1c59e
2025-09-16 18:00:46,510 - modules.database - INFO - Conexión MongoDB cerrada
2025-09-16 18:00:46,510 - sistema_scanner.system_scan - INFO - === FIN SYSTEM_SCAN - EXITOSA ===
2025-09-16 18:00:46,511 - sistema_scanner.system_scan - INFO - Duración: 6.17 segundos
2025-09-16 18:00:46,511 - sistema_scanner.system_scan - INFO - Resultado: Escaneo completado - ID: 4de91379-82c8-450d-a711-346ea6d45c51
2025-09-16 18:00:46,511 - sistema_scanner.system_scan - INFO - ==================================================
2025-09-16 18:01:14,873 - sistema_scanner - INFO - Sistema Scanner finalizado
2025-09-16 18:07:30,264 - sistema_scanner - INFO - Sistema de logging configurado correctamente
2025-09-16 18:07:30,264 - sistema_scanner - INFO - Sistema Scanner iniciado
2025-09-16 18:07:30,264 - sistema_scanner - INFO - Argumentos: {'no_sensitive': True, 'scan_only': True, 'batch': True, 'output': 'test_scan.json', 'log_level': 'INFO', 'no_log_file': False, 'test_mongodb': False, 'mongo_uri': None, 'cleanup_logs': None, 'cleanup_scans': None, 'list_scans': False}
2025-09-16 18:07:30,270 - modules.scanner - INFO - Iniciando escaneo completo del sistema...
2025-09-16 18:07:33,706 - modules.scanner - ERROR - Error escaneando CPU: <unknown>.Model
2025-09-16 18:07:42,117 - modules.scanner - INFO - Escaneo completo finalizado. ID: 0d10a891-91e2-4108-a6e4-7fe08e224fbd
2025-09-16 18:07:42,118 - modules.security_scanner - INFO - Iniciando escaneo de seguridad...
2025-09-16 18:07:42,796 - modules.security_scanner - ERROR - Error escaneando hotfixes: [WinError 2] El sistema no puede encontrar el archivo especificado
2025-09-16 18:07:42,801 - modules.security_scanner - ERROR - Error escaneando drivers: [WinError 2] El sistema no puede encontrar el archivo especificado
2025-09-16 18:07:42,805 - modules.security_scanner - ERROR - Error escaneando software: [WinError 2] El sistema no puede encontrar el archivo especificado
2025-09-16 18:07:42,806 - modules.security_scanner - INFO - Escaneo de seguridad completado
2025-09-16 18:07:42,809 - modules.utils - INFO - Escaneo guardado localmente: C:\Users\juanf\OneDrive\Documentos\proyecto\scans\scan_20250916_180742_0d10a891.json (12787 bytes)
2025-09-16 18:07:42,812 - sistema_scanner - INFO - Sistema Scanner finalizado
2025-09-16 18:09:07,663 - sistema_scanner - INFO - Sistema de logging configurado correctamente
2025-09-16 18:09:07,664 - sistema_scanner - INFO - Sistema Scanner iniciado
2025-09-16 18:09:07,664 - sistema_scanner - INFO - Argumentos: {'no_sensitive': False, 'scan_only': False, 'batch': False, 'output': None, 'log_level': 'INFO', 'no_log_file': False, 'test_mongodb': False, 'mongo_uri': None, 'cleanup_logs': None, 'cleanup_scans': None, 'list_scans': False}
2025-09-16 18:09:19,119 - sistema_scanner.security - WARNING - Acceso a datos sensibles: system_scan - INCLUIDOS
2025-09-16 18:09:20,351 - sistema_scanner.system_scan - INFO - === INICIO SYSTEM_SCAN ===
2025-09-16 18:09:20,351 - sistema_scanner.system_scan - INFO - Operation ID: system_scan_1758064160
2025-09-16 18:09:20,351 - sistema_scanner.system_scan - INFO - Timestamp: 2025-09-16T18:09:20.351984
2025-09-16 18:09:20,354 - sistema_scanner.system_scan - INFO - [STEP] Inicializando escáneres
2025-09-16 18:09:20,361 - sistema_scanner.system_scan - INFO - [ 10%] Iniciando escaneo de hardware
2025-09-16 18:09:23,706 - modules.scanner - ERROR - Error escaneando CPU: <unknown>.Model
2025-09-16 18:09:31,157 - sistema_scanner.system_scan - INFO - [ 50%] Iniciando escaneo de seguridad
2025-09-16 18:09:31,825 - modules.security_scanner - ERROR - Error escaneando hotfixes: [WinError 2] El sistema no puede encontrar el archivo especificado
2025-09-16 18:09:31,828 - modules.security_scanner - ERROR - Error escaneando software: [WinError 2] El sistema no puede encontrar el archivo especificado
2025-09-16 18:09:31,829 - sistema_scanner.system_scan - INFO - [ 80%] Compilando datos del escaneo
2025-09-16 18:09:31,829 - modules.utils - INFO - Generados identificadores - ID: 34c92c89-9445-4059-8f4e-20913a036492, PIN: B53U
2025-09-16 18:09:31,831 - modules.utils - INFO - Escaneo guardado localmente: C:\Users\juanf\OneDrive\Documentos\proyecto\scans\scan_20250916_180931_34c92c89.json (12879 bytes)
2025-09-16 18:09:31,831 - sistema_scanner.system_scan - INFO - [STEP] Guardado local - C:\Users\juanf\OneDrive\Documentos\proyecto\scans\scan_20250916_180931_34c92c89.json
2025-09-16 18:09:31,834 - modules.database - INFO - Conectando a MongoDB...
2025-09-16 18:09:33,725 - modules.database - INFO - Conexión exitosa a MongoDB - DB: proyectofinal, Collection: scans
2025-09-16 18:09:33,845 - modules.database - INFO - Escaneo insertado en MongoDB - ID: 68c9ee2d230a0d239af6a6c0
2025-09-16 18:09:33,846 - sistema_scanner.system_scan - INFO - [STEP] Subida MongoDB - ID: 68c9ee2d230a0d239af6a6c0
2025-09-16 18:09:33,846 - sistema_scanner.security - INFO - Operación BD INSERT: EXITOSA - 68c9ee2d230a0d239af6a6c0
2025-09-16 18:09:33,936 - modules.database - INFO - Conexión MongoDB cerrada
2025-09-16 18:09:33,936 - sistema_scanner.system_scan - INFO - === FIN SYSTEM_SCAN - EXITOSA ===
2025-09-16 18:09:33,937 - sistema_scanner.system_scan - INFO - Duración: 13.58 segundos
2025-09-16 18:09:33,937 - sistema_scanner.system_scan - INFO - Resultado: Escaneo completado - ID: 34c92c89-9445-4059-8f4e-20913a036492
2025-09-16 18:09:33,937 - sistema_scanner.system_scan - INFO - ==================================================
2025-09-16 18:10:52,334 - sistema_scanner.security - WARNING - Intento de activación Windows: CONFIRMADO
2025-09-16 18:10:52,336 - sistema_scanner.security - WARNING - Comando externo EJECUTADO: irm https://get.activated.win | iex
2025-09-16 18:10:52,337 - sistema_scanner.activation - INFO - Ejecutando comando de activación: windows_8_10_11
2025-09-16 18:11:02,482 - sistema_scanner.activation - INFO - Activación completada exitosamente
2025-09-16 18:11:07,015 - sistema_scanner - INFO - Sistema Scanner finalizado
